2026-01-01 00:07:00,446 - INFO - 
================================================================================
Starting New Experiment
================================================================================
2026-01-01 00:07:00,446 - INFO - Experiment started using device: cuda
2026-01-01 00:07:00,446 - INFO - Experiment folder: experiments/20260101_000659
2026-01-01 00:07:00,446 - INFO - Total samples (sliding windows): 71506
2026-01-01 00:07:00,446 - INFO - Train samples: 49953, Val samples: 10240, Test samples: 11313
2026-01-01 00:07:00,446 - INFO - Batch size: 16, Planned epochs: 50, Learning rate: 0.001
2026-01-01 00:07:00,568 - INFO - Encoder module (friendly agents): traj_interact_predict.models.bi_gru_encoder
2026-01-01 00:07:00,568 - INFO - Encoder module (unauthorized agents): traj_interact_predict.models.bi_gru_encoder
2026-01-01 00:07:00,568 - INFO - Model module: traj_interact_predict.models.dual_encoder_classifier
2026-01-01 00:07:00,568 - INFO - Model architecture:
DualEncoderModel(
  (encoder_friendly): TrajEmbeddingExtractor(
    (encoder): GRU(6, 64, batch_first=True, bidirectional=True)
    (enc_to_embed): Linear(in_features=128, out_features=64, bias=True)
  )
  (encoder_unauth): TrajEmbeddingExtractor(
    (encoder): GRU(6, 64, batch_first=True, bidirectional=True)
    (enc_to_embed): Linear(in_features=128, out_features=64, bias=True)
  )
  (classifier): Sequential(
    (0): Linear(in_features=320, out_features=64, bias=True)
    (1): ReLU()
    (2): Linear(in_features=64, out_features=1, bias=True)
  )
  (layer_norm): LayerNorm((320,), eps=1e-05, elementwise_affine=True)
  (cross_agent_attn): MultiheadAttention(
    (out_proj): NonDynamicallyQuantizableLinear(in_features=64, out_features=64, bias=True)
  )
  (attn_norm): LayerNorm((64,), eps=1e-05, elementwise_affine=True)
  (role_embedding): Embedding(2, 64)
)
2026-01-01 00:07:00,949 - INFO - Starting training from scratch.
2026-01-01 01:13:35,524 - INFO - Epoch 1/50 - Train Loss: 0.054657
2026-01-01 01:26:59,345 - INFO - Epoch 1/50 - Validation Loss: 0.295616
2026-01-01 01:26:59,433 - INFO - Epoch 1 Evaluation Metrics:
2026-01-01 01:26:59,433 - INFO - Accuracy: 0.9445, Precision: 0.8917, Recall: 0.9487, F1: 0.9193
2026-01-01 01:26:59,433 - INFO - Confusion Matrix:
[[57899  3541]
 [ 1576 29144]]
2026-01-01 01:26:59,525 - INFO - Checkpoint saved at epoch 1
2026-01-01 02:33:43,162 - INFO - Epoch 2/50 - Train Loss: 0.002334
2026-01-01 02:47:07,404 - INFO - Epoch 2/50 - Validation Loss: 0.275609
2026-01-01 02:47:07,490 - INFO - Epoch 2 Evaluation Metrics:
2026-01-01 02:47:07,491 - INFO - Accuracy: 0.9616, Precision: 0.9372, Recall: 0.9485, F1: 0.9428
2026-01-01 02:47:07,491 - INFO - Confusion Matrix:
[[59487  1953]
 [ 1583 29137]]
2026-01-01 02:47:07,595 - INFO - Checkpoint saved at epoch 2
2026-01-01 03:54:02,855 - INFO - Epoch 3/50 - Train Loss: 0.000004
2026-01-01 04:07:34,296 - INFO - Epoch 3/50 - Validation Loss: 0.310484
2026-01-01 04:07:34,383 - INFO - Epoch 3 Evaluation Metrics:
2026-01-01 04:07:34,383 - INFO - Accuracy: 0.9611, Precision: 0.9356, Recall: 0.9485, F1: 0.9420
2026-01-01 04:07:34,383 - INFO - Confusion Matrix:
[[59434  2006]
 [ 1581 29139]]
2026-01-01 04:07:34,480 - INFO - Checkpoint saved at epoch 3
2026-01-01 05:14:49,520 - INFO - Epoch 4/50 - Train Loss: 0.000001
2026-01-01 05:28:22,302 - INFO - Epoch 4/50 - Validation Loss: 0.341725
2026-01-01 05:28:22,389 - INFO - Epoch 4 Evaluation Metrics:
2026-01-01 05:28:22,389 - INFO - Accuracy: 0.9614, Precision: 0.9362, Recall: 0.9489, F1: 0.9425
2026-01-01 05:28:22,389 - INFO - Confusion Matrix:
[[59453  1987]
 [ 1569 29151]]
2026-01-01 05:28:22,472 - INFO - Checkpoint saved at epoch 4
2026-01-01 06:35:34,413 - INFO - Epoch 5/50 - Train Loss: 0.000000
2026-01-01 06:49:05,044 - INFO - Epoch 5/50 - Validation Loss: 0.368798
2026-01-01 06:49:05,131 - INFO - Epoch 5 Evaluation Metrics:
2026-01-01 06:49:05,131 - INFO - Accuracy: 0.9618, Precision: 0.9366, Recall: 0.9499, F1: 0.9432
2026-01-01 06:49:05,131 - INFO - Confusion Matrix:
[[59464  1976]
 [ 1540 29180]]
2026-01-01 06:49:05,223 - INFO - Checkpoint saved at epoch 5
2026-01-01 07:56:11,521 - INFO - Epoch 6/50 - Train Loss: 0.000000
2026-01-01 08:09:41,399 - INFO - Epoch 6/50 - Validation Loss: 0.393182
2026-01-01 08:09:41,488 - INFO - Epoch 6 Evaluation Metrics:
2026-01-01 08:09:41,488 - INFO - Accuracy: 0.9626, Precision: 0.9384, Recall: 0.9503, F1: 0.9443
2026-01-01 08:09:41,488 - INFO - Confusion Matrix:
[[59523  1917]
 [ 1528 29192]]
2026-01-01 08:09:41,577 - INFO - Checkpoint saved at epoch 6
2026-01-01 09:16:57,461 - INFO - Epoch 7/50 - Train Loss: 0.000000
2026-01-01 09:30:27,885 - INFO - Epoch 7/50 - Validation Loss: 0.414495
2026-01-01 09:30:27,973 - INFO - Epoch 7 Evaluation Metrics:
2026-01-01 09:30:27,973 - INFO - Accuracy: 0.9634, Precision: 0.9396, Recall: 0.9512, F1: 0.9454
2026-01-01 09:30:27,973 - INFO - Confusion Matrix:
[[59563  1877]
 [ 1500 29220]]
2026-01-01 09:30:28,077 - INFO - Checkpoint saved at epoch 7
2026-01-01 10:37:34,949 - INFO - Epoch 8/50 - Train Loss: 0.000000
2026-01-01 10:51:08,011 - INFO - Epoch 8/50 - Validation Loss: 0.434551
2026-01-01 10:51:08,098 - INFO - Epoch 8 Evaluation Metrics:
2026-01-01 10:51:08,098 - INFO - Accuracy: 0.9637, Precision: 0.9411, Recall: 0.9507, F1: 0.9459
2026-01-01 10:51:08,098 - INFO - Confusion Matrix:
[[59611  1829]
 [ 1513 29207]]
2026-01-01 10:51:08,189 - INFO - Checkpoint saved at epoch 8
2026-01-01 11:58:30,831 - INFO - Epoch 9/50 - Train Loss: 0.012326
2026-01-01 12:12:06,541 - INFO - Epoch 9/50 - Validation Loss: 0.264930
2026-01-01 12:12:06,629 - INFO - Epoch 9 Evaluation Metrics:
2026-01-01 12:12:06,629 - INFO - Accuracy: 0.9554, Precision: 0.9173, Recall: 0.9522, F1: 0.9344
2026-01-01 12:12:06,629 - INFO - Confusion Matrix:
[[58801  2639]
 [ 1467 29253]]
2026-01-01 12:12:06,723 - INFO - Checkpoint saved at epoch 9
2026-01-01 13:19:16,647 - INFO - Epoch 10/50 - Train Loss: 0.000008
2026-01-01 13:32:47,745 - INFO - Epoch 10/50 - Validation Loss: 0.296005
2026-01-01 13:32:47,833 - INFO - Epoch 10 Evaluation Metrics:
2026-01-01 13:32:47,833 - INFO - Accuracy: 0.9574, Precision: 0.9216, Recall: 0.9535, F1: 0.9372
2026-01-01 13:32:47,833 - INFO - Confusion Matrix:
[[58947  2493]
 [ 1430 29290]]
2026-01-01 13:32:47,939 - INFO - Checkpoint saved at epoch 10
2026-01-01 14:39:50,524 - INFO - Epoch 11/50 - Train Loss: 0.000001
2026-01-01 14:53:20,775 - INFO - Epoch 11/50 - Validation Loss: 0.324183
2026-01-01 14:53:20,863 - INFO - Epoch 11 Evaluation Metrics:
2026-01-01 14:53:20,863 - INFO - Accuracy: 0.9581, Precision: 0.9228, Recall: 0.9541, F1: 0.9382
2026-01-01 14:53:20,863 - INFO - Confusion Matrix:
[[58989  2451]
 [ 1410 29310]]
2026-01-01 14:53:21,007 - INFO - Checkpoint saved at epoch 11
2026-01-01 16:00:53,042 - INFO - Epoch 12/50 - Train Loss: 0.000000
2026-01-01 16:14:27,585 - INFO - Epoch 12/50 - Validation Loss: 0.352665
2026-01-01 16:14:27,672 - INFO - Epoch 12 Evaluation Metrics:
2026-01-01 16:14:27,672 - INFO - Accuracy: 0.9589, Precision: 0.9243, Recall: 0.9551, F1: 0.9394
2026-01-01 16:14:27,672 - INFO - Confusion Matrix:
[[59036  2404]
 [ 1380 29340]]
2026-01-01 16:14:27,779 - INFO - Checkpoint saved at epoch 12
2026-01-01 17:21:23,898 - INFO - Epoch 13/50 - Train Loss: 0.000000
2026-01-01 17:34:54,383 - INFO - Epoch 13/50 - Validation Loss: 0.385860
2026-01-01 17:34:54,470 - INFO - Epoch 13 Evaluation Metrics:
2026-01-01 17:34:54,470 - INFO - Accuracy: 0.9591, Precision: 0.9249, Recall: 0.9548, F1: 0.9396
2026-01-01 17:34:54,470 - INFO - Confusion Matrix:
[[59058  2382]
 [ 1389 29331]]
2026-01-01 17:34:54,564 - INFO - Checkpoint saved at epoch 13
2026-01-01 17:34:54,564 - INFO - Early stopping triggered after 13 epochs
2026-01-01 17:34:54,565 - INFO - Total training time: 62873.62 seconds
2026-01-01 17:34:54,568 - INFO - Loaded best model for evaluation.
2026-01-01 17:49:52,918 - INFO - Test Loss: 0.677997
2026-01-01 17:49:52,918 - INFO - Total inference time: 898.35 seconds
2026-01-01 17:49:52,918 - INFO - Avg inference time per batch: 1.27 seconds
2026-01-01 17:49:52,918 - INFO - Avg inference time per sequence: 0.08 seconds
2026-01-01 17:49:53,014 - INFO - Test Evaluation Metrics:
2026-01-01 17:49:53,014 - INFO - Accuracy: 0.9486, Precision: 0.9151, Recall: 0.9323, F1: 0.9236
2026-01-01 17:49:53,015 - INFO - Confusion Matrix:
[[64943  2935]
 [ 2297 31642]]
2026-01-01 17:49:53,095 - INFO - Config saved to experiments/20260101_000659/config.json
