2026-01-20 16:14:57,393 - INFO - 
================================================================================
Starting New Inference Session
================================================================================
2026-01-20 16:14:57,393 - INFO - Using device: cpu
2026-01-20 16:14:57,394 - INFO - Experiment folder: experiments/20260120_130538
2026-01-20 16:14:57,394 - INFO - Inference batch size: 32
2026-01-20 16:14:57,394 - INFO - Friendly agents padded during dataset preparation: 0
2026-01-20 16:14:57,394 - INFO - Unauthorised agents padded during dataset preparation: 0
2026-01-20 16:14:58,482 - INFO - Starting inference on test dataset...
2026-01-20 16:18:19,289 - INFO - 
================================================================================
Starting New Inference Session
================================================================================
2026-01-20 16:18:19,290 - INFO - Using device: cpu
2026-01-20 16:18:19,290 - INFO - Experiment folder: experiments/20260120_130538
2026-01-20 16:18:19,290 - INFO - Inference batch size: 1
2026-01-20 16:18:19,290 - INFO - Friendly agents padded during dataset preparation: 0
2026-01-20 16:18:19,290 - INFO - Unauthorised agents padded during dataset preparation: 0
2026-01-20 16:18:20,394 - INFO - Starting inference on test dataset...
2026-01-20 16:38:32,372 - INFO - 
================================================================================
Starting New Inference Session
================================================================================
2026-01-20 16:38:32,372 - INFO - Using device: cpu
2026-01-20 16:38:32,372 - INFO - Experiment folder: experiments/20260120_130538
2026-01-20 16:38:32,372 - INFO - Inference batch size: 1
2026-01-20 16:38:32,372 - INFO - Friendly agents padded during dataset preparation: 0
2026-01-20 16:38:32,372 - INFO - Unauthorised agents padded during dataset preparation: 0
2026-01-20 16:38:33,431 - INFO - Starting inference on test dataset...
2026-01-20 16:39:25,310 - INFO - 
================================================================================
Starting New Inference Session
================================================================================
2026-01-20 16:39:25,310 - INFO - Using device: cpu
2026-01-20 16:39:25,310 - INFO - Experiment folder: experiments/20260120_130538
2026-01-20 16:39:25,311 - INFO - Inference batch size: 1
2026-01-20 16:39:25,311 - INFO - Friendly agents padded during dataset preparation: 0
2026-01-20 16:39:25,311 - INFO - Unauthorised agents padded during dataset preparation: 0
2026-01-20 16:39:26,377 - INFO - Starting inference on test dataset...
2026-01-20 16:39:42,509 - INFO - 
================================================================================
Starting New Inference Session
================================================================================
2026-01-20 16:39:42,509 - INFO - Using device: cpu
2026-01-20 16:39:42,509 - INFO - Experiment folder: experiments/20260120_130538
2026-01-20 16:39:42,509 - INFO - Inference batch size: 1
2026-01-20 16:39:42,509 - INFO - Friendly agents padded during dataset preparation: 0
2026-01-20 16:39:42,509 - INFO - Unauthorised agents padded during dataset preparation: 0
2026-01-20 16:39:43,578 - INFO - Starting inference on test dataset...
2026-01-20 16:47:00,843 - INFO - 
================================================================================
Starting New Inference Session
================================================================================
2026-01-20 16:47:00,844 - INFO - Using device: cpu
2026-01-20 16:47:00,844 - INFO - Experiment folder: experiments/20260120_130538
2026-01-20 16:47:00,844 - INFO - Inference batch size: 1
2026-01-20 16:47:00,844 - INFO - Friendly agents padded during dataset preparation: 0
2026-01-20 16:47:00,844 - INFO - Unauthorised agents padded during dataset preparation: 0
2026-01-20 16:47:01,916 - INFO - Starting inference on test dataset...
2026-01-20 16:48:52,550 - INFO - 
================================================================================
Starting New Inference Session
================================================================================
2026-01-20 16:48:52,550 - INFO - Using device: cpu
2026-01-20 16:48:52,550 - INFO - Experiment folder: experiments/20260120_130538
2026-01-20 16:48:52,550 - INFO - Inference batch size: 1
2026-01-20 16:48:52,550 - INFO - Friendly agents padded during dataset preparation: 0
2026-01-20 16:48:52,550 - INFO - Unauthorised agents padded during dataset preparation: 0
2026-01-20 16:48:53,629 - INFO - Starting inference on test dataset...
2026-01-20 17:04:21,472 - INFO - Total inference time: 927.84 seconds
2026-01-20 17:04:21,473 - INFO - Average inference time per batch: 0.0743 seconds
2026-01-20 17:04:21,474 - INFO - Average inference time per sequence: 0.0743 seconds
2026-01-20 17:04:21,574 - INFO - Inference Evaluation Metrics:
2026-01-20 17:04:21,574 - INFO - Accuracy: 0.8916, Precision: 0.8114, Recall: 0.7953, F1: 0.8033
2026-01-20 17:04:21,574 - INFO - Confusion Matrix:
[[69633  5343]
 [ 5915 22982]]
2026-01-20 17:04:21,869 - INFO - Final Inference Accuracy: 0.8916
